c:\users\andru\source\repos\oop\mmo-server\x64\release\vc142.pdb
c:\users\andru\source\repos\oop\mmo-server\x64\release\main.obj
c:\users\andru\source\repos\oop\mmo-server\x64\release\accountlog.obj
c:\users\andru\source\repos\oop\x64\release\sfml-network-2.dll
c:\users\andru\source\repos\oop\x64\release\sfml-network-d-2.dll
c:\users\andru\source\repos\oop\x64\release\sfml-system-2.dll
c:\users\andru\source\repos\oop\x64\release\sfml-system-d-2.dll
c:\users\andru\source\repos\oop\x64\release\mmo-server.exe
c:\users\andru\source\repos\oop\x64\release\mmo-server.pdb
c:\users\andru\source\repos\oop\x64\release\mmo-server.ipdb
c:\users\andru\source\repos\oop\x64\release\mmo-server.iobj
c:\users\andru\source\repos\oop\mmo-server\x64\release\mmo-server.tlog\cl.command.1.tlog
c:\users\andru\source\repos\oop\mmo-server\x64\release\mmo-server.tlog\cl.read.1.tlog
c:\users\andru\source\repos\oop\mmo-server\x64\release\mmo-server.tlog\cl.write.1.tlog
c:\users\andru\source\repos\oop\mmo-server\x64\release\mmo-server.tlog\copyfile.command.1.tlog
c:\users\andru\source\repos\oop\mmo-server\x64\release\mmo-server.tlog\copyfile.read.1.tlog
c:\users\andru\source\repos\oop\mmo-server\x64\release\mmo-server.tlog\copyfile.write.1.tlog
c:\users\andru\source\repos\oop\mmo-server\x64\release\mmo-server.tlog\link.command.1.tlog
c:\users\andru\source\repos\oop\mmo-server\x64\release\mmo-server.tlog\link.read.1.tlog
c:\users\andru\source\repos\oop\mmo-server\x64\release\mmo-server.tlog\link.write.1.tlog
c:\users\andru\source\repos\oop\mmo-server\x64\release\mmo-server.tlog\mmo-server.write.1u.tlog
