c:\users\andru\source\repos\oop\mmo-server\x64\debug\vc142.pdb
c:\users\andru\source\repos\oop\mmo-server\x64\debug\vc142.idb
c:\users\andru\source\repos\oop\mmo-server\x64\debug\socketmanager.obj
c:\users\andru\source\repos\oop\mmo-server\x64\debug\main.obj
c:\users\andru\source\repos\oop\mmo-server\x64\debug\accountcommands.obj
c:\users\andru\source\repos\oop\mmo-server\x64\debug\database.obj
c:\users\andru\source\repos\oop\mmo-server\x64\debug\commandmanager.obj
c:\users\andru\source\repos\oop\x64\debug\sfml-network-2.dll
c:\users\andru\source\repos\oop\x64\debug\sfml-network-d-2.dll
c:\users\andru\source\repos\oop\x64\debug\sfml-system-2.dll
c:\users\andru\source\repos\oop\x64\debug\sfml-system-d-2.dll
c:\users\andru\source\repos\oop\x64\debug\sqlapi.dll
c:\users\andru\source\repos\oop\x64\debug\sqlapid.dll
c:\users\andru\source\repos\oop\x64\debug\sqlapiu.dll
c:\users\andru\source\repos\oop\x64\debug\sqlapiud.dll
c:\users\andru\source\repos\oop\x64\debug\libmysql.dll
c:\users\andru\source\repos\oop\x64\debug\mmo-server.ilk
c:\users\andru\source\repos\oop\x64\debug\mmo-server.exe
c:\users\andru\source\repos\oop\x64\debug\mmo-server.pdb
c:\users\andru\source\repos\oop\mmo-server\x64\debug\mmo-server.tlog\cl.command.1.tlog
c:\users\andru\source\repos\oop\mmo-server\x64\debug\mmo-server.tlog\cl.read.1.tlog
c:\users\andru\source\repos\oop\mmo-server\x64\debug\mmo-server.tlog\cl.write.1.tlog
c:\users\andru\source\repos\oop\mmo-server\x64\debug\mmo-server.tlog\copyfile.command.1.tlog
c:\users\andru\source\repos\oop\mmo-server\x64\debug\mmo-server.tlog\copyfile.read.1.tlog
c:\users\andru\source\repos\oop\mmo-server\x64\debug\mmo-server.tlog\copyfile.write.1.tlog
c:\users\andru\source\repos\oop\mmo-server\x64\debug\mmo-server.tlog\link.command.1.tlog
c:\users\andru\source\repos\oop\mmo-server\x64\debug\mmo-server.tlog\link.read.1.tlog
c:\users\andru\source\repos\oop\mmo-server\x64\debug\mmo-server.tlog\link.write.1.tlog
